[debug] [2022-12-02T02:16:28.785Z] ----------------------------------------------------------------------
[debug] [2022-12-02T02:16:28.790Z] Command:       C:\Program Files\nodejs\node.exe C:\Users\Yassine Jedidi\AppData\Roaming\npm\node_modules\firebase-tools\lib\bin\firebase.js login
[debug] [2022-12-02T02:16:28.791Z] CLI Version:   10.9.2
[debug] [2022-12-02T02:16:28.791Z] Platform:      win32
[debug] [2022-12-02T02:16:28.791Z] Node Version:  v14.15.5
[debug] [2022-12-02T02:16:28.793Z] Time:          Fri Dec 02 2022 03:16:28 GMT+0100 (Central European Standard Time)
[debug] [2022-12-02T02:16:28.793Z] ----------------------------------------------------------------------
[debug] 
[info] i  Firebase optionally collects CLI usage and error reporting information to help improve our products. Data is collected in accordance with Google's privacy policy (https://policies.google.com/privacy) and is not used to identify you.
 
[info] i  To change your data collection preference at any time, run `firebase logout` and log in again. 
[info] 
[info] Visit this URL on this device to log in:
[info] https://accounts.google.com/o/oauth2/auth?client_id=563584335869-fgrhgmd47bqnekij5i8b5pr03ho849e6.apps.googleusercontent.com&scope=email%20openid%20https%3A%2F%2Fwww.googleapis.com%2Fauth%2Fcloudplatformprojects.readonly%20https%3A%2F%2Fwww.googleapis.com%2Fauth%2Ffirebase%20https%3A%2F%2Fwww.googleapis.com%2Fauth%2Fcloud-platform&response_type=code&state=1040965987&redirect_uri=http%3A%2F%2Flocalhost%3A9005
[info] 
[info] Waiting for authentication...
[debug] [2022-12-02T02:16:38.251Z] Error: spawn cmd ENOENT
    at Process.ChildProcess._handle.onexit (internal/child_process.js:269:19)
    at onErrorNT (internal/child_process.js:465:16)
    at processTicksAndRejections (internal/process/task_queues.js:80:21)
[error] 
[error] Error: An unexpected error has occurred.
